2018-03-23 18:32:44.776  INFO 38204 --- [main] u.a.p.ControlDePagosApplicationTests     : Starting ControlDePagosApplicationTests on MacBook-Pro-de-Gerardo.local with PID 38204 (started by uamadm01 in /Users/uamadm01/IdeaProjects/pagos_asistentes)
2018-03-23 18:32:44.778  INFO 38204 --- [main] u.a.p.ControlDePagosApplicationTests     : No active profile set, falling back to default profiles: default
2018-03-23 18:32:44.845  INFO 38204 --- [main] o.s.w.c.s.GenericWebApplicationContext   : Refreshing org.springframework.web.context.support.GenericWebApplicationContext@68c9133c: startup date [Fri Mar 23 18:32:44 CST 2018]; root of context hierarchy
2018-03-23 18:32:47.510  INFO 38204 --- [main] trationDelegate$BeanPostProcessorChecker : Bean 'org.springframework.transaction.annotation.ProxyTransactionManagementConfiguration' of type [org.springframework.transaction.annotation.ProxyTransactionManagementConfiguration$$EnhancerBySpringCGLIB$$962d7031] is not eligible for getting processed by all BeanPostProcessors (for example: not eligible for auto-proxying)
2018-03-23 18:32:48.029  INFO 38204 --- [main] com.zaxxer.hikari.HikariDataSource       : HikariPool-1 - Starting...
2018-03-23 18:32:48.613  INFO 38204 --- [main] com.zaxxer.hikari.HikariDataSource       : HikariPool-1 - Start completed.
2018-03-23 18:32:48.695  INFO 38204 --- [main] j.LocalContainerEntityManagerFactoryBean : Building JPA container EntityManagerFactory for persistence unit 'default'
2018-03-23 18:32:48.741  INFO 38204 --- [main] o.hibernate.jpa.internal.util.LogHelper  : HHH000204: Processing PersistenceUnitInfo [
	name: default
	...]
2018-03-23 18:32:48.949  INFO 38204 --- [main] org.hibernate.Version                    : HHH000412: Hibernate Core {5.2.14.Final}
2018-03-23 18:32:48.952  INFO 38204 --- [main] org.hibernate.cfg.Environment            : HHH000206: hibernate.properties not found
2018-03-23 18:32:49.025  INFO 38204 --- [main] o.hibernate.annotations.common.Version   : HCANN000001: Hibernate Commons Annotations {5.0.1.Final}
2018-03-23 18:32:49.240  INFO 38204 --- [main] org.hibernate.dialect.Dialect            : HHH000400: Using dialect: org.hibernate.dialect.MySQL5Dialect
2018-03-23 18:32:50.301  INFO 38204 --- [main] j.LocalContainerEntityManagerFactoryBean : Initialized JPA EntityManagerFactory for persistence unit 'default'
2018-03-23 18:32:52.599  INFO 38204 --- [main] s.w.s.m.m.a.RequestMappingHandlerAdapter : Looking for @ControllerAdvice: org.springframework.web.context.support.GenericWebApplicationContext@68c9133c: startup date [Fri Mar 23 18:32:44 CST 2018]; root of context hierarchy
2018-03-23 18:32:52.712  WARN 38204 --- [main] aWebConfiguration$JpaWebMvcConfiguration : spring.jpa.open-in-view is enabled by default. Therefore, database queries may be performed during view rendering. Explicitly configure spring.jpa.open-in-view to disable this warning
2018-03-23 18:32:52.790  INFO 38204 --- [main] s.w.s.m.m.a.RequestMappingHandlerMapping : Mapped "{[/documentos/registra],params=[actualizaDatos]}" onto public java.lang.String uam.admision.pagos.Controller.ControlDocumentosController.actualizarDatos(uam.admision.pagos.Model.PagosEntity,org.springframework.validation.BindingResult,org.springframework.ui.ModelMap)
2018-03-23 18:32:52.792  INFO 38204 --- [main] s.w.s.m.m.a.RequestMappingHandlerMapping : Mapped "{[/documentos/registra]}" onto public java.lang.String uam.admision.pagos.Controller.ControlDocumentosController.registraDocumentos(uam.admision.pagos.Model.PagosEntity,org.springframework.ui.ModelMap)
2018-03-23 18:32:52.792  INFO 38204 --- [main] s.w.s.m.m.a.RequestMappingHandlerMapping : Mapped "{[/documentos/registra],params=[buscarClave]}" onto public java.lang.String uam.admision.pagos.Controller.ControlDocumentosController.buscaPersona(uam.admision.pagos.Model.PagosEntity,org.springframework.validation.BindingResult,org.springframework.ui.ModelMap)
2018-03-23 18:32:52.794  INFO 38204 --- [main] s.w.s.m.m.a.RequestMappingHandlerMapping : Mapped "{[/envio/archivoDatos]}" onto public java.lang.String uam.admision.pagos.Controller.PagosEntradaController.archivoDatos()
2018-03-23 18:32:52.794  INFO 38204 --- [main] s.w.s.m.m.a.RequestMappingHandlerMapping : Mapped "{[/envio/archivoDatos],params=[datos]}" onto public java.lang.String uam.admision.pagos.Controller.PagosEntradaController.archivoDatosRecibe(org.springframework.web.multipart.MultipartFile,org.springframework.web.servlet.mvc.support.RedirectAttributes)
2018-03-23 18:32:52.802  INFO 38204 --- [main] s.w.s.m.m.a.RequestMappingHandlerMapping : Mapped "{[/error]}" onto public org.springframework.http.ResponseEntity<java.util.Map<java.lang.String, java.lang.Object>> org.springframework.boot.autoconfigure.web.servlet.error.BasicErrorController.error(javax.servlet.http.HttpServletRequest)
2018-03-23 18:32:52.804  INFO 38204 --- [main] s.w.s.m.m.a.RequestMappingHandlerMapping : Mapped "{[/error],produces=[text/html]}" onto public org.springframework.web.servlet.ModelAndView org.springframework.boot.autoconfigure.web.servlet.error.BasicErrorController.errorHtml(javax.servlet.http.HttpServletRequest,javax.servlet.http.HttpServletResponse)
2018-03-23 18:32:52.886  INFO 38204 --- [main] o.s.w.s.handler.SimpleUrlHandlerMapping  : Mapped URL path [/webjars/**] onto handler of type [class org.springframework.web.servlet.resource.ResourceHttpRequestHandler]
2018-03-23 18:32:52.887  INFO 38204 --- [main] o.s.w.s.handler.SimpleUrlHandlerMapping  : Mapped URL path [/**] onto handler of type [class org.springframework.web.servlet.resource.ResourceHttpRequestHandler]
2018-03-23 18:32:52.980  INFO 38204 --- [main] o.s.w.s.handler.SimpleUrlHandlerMapping  : Mapped URL path [/**/favicon.ico] onto handler of type [class org.springframework.web.servlet.resource.ResourceHttpRequestHandler]
2018-03-23 18:32:54.210  INFO 38204 --- [main] o.s.s.web.DefaultSecurityFilterChain     : Creating filter chain: org.springframework.security.web.util.matcher.AnyRequestMatcher@1, [org.springframework.security.web.context.request.async.WebAsyncManagerIntegrationFilter@112c2930, org.springframework.security.web.context.SecurityContextPersistenceFilter@5f6494c0, org.springframework.security.web.header.HeaderWriterFilter@35ac9ebd, org.springframework.security.web.csrf.CsrfFilter@179ee36b, org.springframework.security.web.authentication.logout.LogoutFilter@6682e6a5, org.springframework.security.web.authentication.UsernamePasswordAuthenticationFilter@2cae5fa7, org.springframework.security.web.authentication.ui.DefaultLoginPageGeneratingFilter@10131289, org.springframework.security.web.authentication.www.BasicAuthenticationFilter@660b1a9d, org.springframework.security.web.savedrequest.RequestCacheAwareFilter@4df7d9ee, org.springframework.security.web.servletapi.SecurityContextHolderAwareRequestFilter@30159886, org.springframework.security.web.authentication.AnonymousAuthenticationFilter@7f426ddd, org.springframework.security.web.session.SessionManagementFilter@421ead7e, org.springframework.security.web.access.ExceptionTranslationFilter@57c69937, org.springframework.security.web.access.intercept.FilterSecurityInterceptor@ee96866]
2018-03-23 18:32:54.624  INFO 38204 --- [main] u.a.p.ControlDePagosApplicationTests     : Started ControlDePagosApplicationTests in 10.33 seconds (JVM running for 12.051)
2018-03-23 18:32:55.208  INFO 38204 --- [Thread-2] o.s.w.c.s.GenericWebApplicationContext   : Closing org.springframework.web.context.support.GenericWebApplicationContext@68c9133c: startup date [Fri Mar 23 18:32:44 CST 2018]; root of context hierarchy
2018-03-23 18:32:55.216  INFO 38204 --- [Thread-2] j.LocalContainerEntityManagerFactoryBean : Closing JPA EntityManagerFactory for persistence unit 'default'
2018-03-23 18:32:55.219  INFO 38204 --- [Thread-2] com.zaxxer.hikari.HikariDataSource       : HikariPool-1 - Shutdown initiated...
2018-03-23 18:32:55.230  INFO 38204 --- [Thread-2] com.zaxxer.hikari.HikariDataSource       : HikariPool-1 - Shutdown completed.
